<?xml version="1.0" encoding="UTF-8"?>
<!-- Generated by org.testng.reporters.JUnitReportReporter -->
<testsuite skipped="0" hostname="DESKTOP-OOM73IS" name="Maven_practice.Assignmentendtoend" tests="1" failures="0" timestamp="2022-06-13T11:59:49 IST" time="2.456" errors="0">
  <testcase name="Browser1" time="2.456" classname="Maven_practice.Assignmentendtoend"/>
  <system-out/>
</testsuite> <!-- Maven_practice.Assignmentendtoend -->
