<?xml version="1.0" encoding="UTF-8"?>
<!-- Generated by org.testng.reporters.JUnitReportReporter -->
<testsuite skipped="0" hostname="DESKTOP-OOM73IS" name="Maven_practice.SelectTest" tests="1" failures="0" timestamp="2022-06-13T11:15:17 IST" time="12.178" errors="0">
  <testcase name="select" time="12.178" classname="Maven_practice.SelectTest"/>
  <system-out/>
</testsuite> <!-- Maven_practice.SelectTest -->
