<?xml version="1.0" encoding="UTF-8"?>
<!-- Generated by org.testng.reporters.JUnitReportReporter -->
<testsuite hostname="DESKTOP-OOM73IS" failures="0" tests="1" name="Maven_practice.Assignment2endtoend" time="5.006" errors="0" timestamp="2022-06-13T12:24:22 IST" skipped="0">
  <testcase classname="Maven_practice.Assignment2endtoend" name="browser" time="5.006"/>
  <system-out/>
</testsuite> <!-- Maven_practice.Assignment2endtoend -->
