<?xml version="1.0" encoding="UTF-8"?>
<!-- Generated by org.testng.reporters.JUnitReportReporter -->
<testsuite hostname="DESKTOP-OOM73IS" failures="0" tests="1" name="Maven_practice.Practice4Test" time="4.905" errors="0" timestamp="2022-06-12T10:00:09 IST" skipped="0">
  <testcase classname="Maven_practice.Practice4Test" name="sel" time="4.905"/>
  <system-out/>
</testsuite> <!-- Maven_practice.Practice4Test -->
