<?xml version="1.0" encoding="UTF-8"?>
<!-- Generated by org.testng.reporters.JUnitReportReporter -->
<testsuite hostname="DESKTOP-OOM73IS" failures="0" tests="1" name="Maven_practice.SelectTest" time="11.858" errors="0" timestamp="2022-06-12T12:12:02 IST" skipped="0">
  <testcase classname="Maven_practice.SelectTest" name="select" time="11.858"/>
  <system-out/>
</testsuite> <!-- Maven_practice.SelectTest -->
