<?xml version="1.0" encoding="UTF-8"?>
<!-- Generated by org.testng.reporters.JUnitReportReporter -->
<testsuite hostname="DESKTOP-OOM73IS" failures="0" tests="1" name="Maven_practice.Practice1Test" time="22.618" errors="0" timestamp="2022-06-12T11:57:34 IST" skipped="0">
  <testcase classname="Maven_practice.Practice1Test" name="selection" time="22.618"/>
  <system-out/>
</testsuite> <!-- Maven_practice.Practice1Test -->
