<?xml version="1.0" encoding="UTF-8"?>
<!-- Generated by org.testng.reporters.JUnitReportReporter -->
<testsuite hostname="DESKTOP-OOM73IS" failures="0" tests="1" name="Maven_practice.Practice5Test" time="17.078" errors="0" timestamp="2022-06-13T09:32:34 IST" skipped="0">
  <testcase classname="Maven_practice.Practice5Test" name="disp" time="17.078"/>
  <system-out/>
</testsuite> <!-- Maven_practice.Practice5Test -->
